  funkcije.c
C:\Users\student\Desktop\Projekt-main\Projekt-main\funkcije.c(10,12): warning C4566: character represented by universal-character-name '\u010D' cannot be represented in the current code page (1252)
C:\Users\student\Desktop\Projekt-main\Projekt-main\funkcije.c(31,12): warning C4566: character represented by universal-character-name '\u010D' cannot be represented in the current code page (1252)
C:\Users\student\Desktop\Projekt-main\Projekt-main\funkcije.c(15,5): error C4996: 'scanf': This function or variable may be unsafe. Consider using scanf_s instead. To disable deprecation, use _CRT_SECURE_NO_WARNINGS. See online help for details.
C:\Users\student\Desktop\Projekt-main\Projekt-main\funkcije.c(24,5): error C4996: 'scanf': This function or variable may be unsafe. Consider using scanf_s instead. To disable deprecation, use _CRT_SECURE_NO_WARNINGS. See online help for details.
C:\Users\student\Desktop\Projekt-main\Projekt-main\funkcije.c(27,5): error C4996: 'scanf': This function or variable may be unsafe. Consider using scanf_s instead. To disable deprecation, use _CRT_SECURE_NO_WARNINGS. See online help for details.
C:\Users\student\Desktop\Projekt-main\Projekt-main\funkcije.c(39,12): warning C4566: character represented by universal-character-name '\u010D' cannot be represented in the current code page (1252)
C:\Users\student\Desktop\Projekt-main\Projekt-main\funkcije.c(40,12): error C4996: 'fscanf': This function or variable may be unsafe. Consider using fscanf_s instead. To disable deprecation, use _CRT_SECURE_NO_WARNINGS. See online help for details.
C:\Users\student\Desktop\Projekt-main\Projekt-main\funkcije.c(55,12): warning C4566: character represented by universal-character-name '\u010D' cannot be represented in the current code page (1252)
C:\Users\student\Desktop\Projekt-main\Projekt-main\funkcije.c(96,16): warning C4566: character represented by universal-character-name '\u010D' cannot be represented in the current code page (1252)
C:\Users\student\Desktop\Projekt-main\Projekt-main\funkcije.c(99,16): warning C4566: character represented by universal-character-name '\u010D' cannot be represented in the current code page (1252)
C:\Users\student\Desktop\Projekt-main\Projekt-main\funkcije.c(99,16): warning C4566: character represented by universal-character-name '\u0111' cannot be represented in the current code page (1252)
C:\Users\student\Desktop\Projekt-main\Projekt-main\funkcije.c(56,5): error C4996: 'scanf': This function or variable may be unsafe. Consider using scanf_s instead. To disable deprecation, use _CRT_SECURE_NO_WARNINGS. See online help for details.
C:\Users\student\Desktop\Projekt-main\Projekt-main\funkcije.c(59,22): error C4996: 'fopen': This function or variable may be unsafe. Consider using fopen_s instead. To disable deprecation, use _CRT_SECURE_NO_WARNINGS. See online help for details.
C:\Users\student\Desktop\Projekt-main\Projekt-main\funkcije.c(69,12): error C4996: 'fscanf': This function or variable may be unsafe. Consider using fscanf_s instead. To disable deprecation, use _CRT_SECURE_NO_WARNINGS. See online help for details.
C:\Users\student\Desktop\Projekt-main\Projekt-main\funkcije.c(81,13): error C4996: 'scanf': This function or variable may be unsafe. Consider using scanf_s instead. To disable deprecation, use _CRT_SECURE_NO_WARNINGS. See online help for details.
C:\Users\student\Desktop\Projekt-main\Projekt-main\funkcije.c(84,13): error C4996: 'scanf': This function or variable may be unsafe. Consider using scanf_s instead. To disable deprecation, use _CRT_SECURE_NO_WARNINGS. See online help for details.
C:\Users\student\Desktop\Projekt-main\Projekt-main\funkcije.c(53,10): warning C4101: 'pos': unreferenced local variable
C:\Users\student\Desktop\Projekt-main\Projekt-main\funkcije.c(109,12): warning C4566: character represented by universal-character-name '\u010D' cannot be represented in the current code page (1252)
C:\Users\student\Desktop\Projekt-main\Projekt-main\funkcije.c(139,16): warning C4566: character represented by universal-character-name '\u010D' cannot be represented in the current code page (1252)
C:\Users\student\Desktop\Projekt-main\Projekt-main\funkcije.c(142,16): warning C4566: character represented by universal-character-name '\u010D' cannot be represented in the current code page (1252)
C:\Users\student\Desktop\Projekt-main\Projekt-main\funkcije.c(142,16): warning C4566: character represented by universal-character-name '\u0111' cannot be represented in the current code page (1252)
C:\Users\student\Desktop\Projekt-main\Projekt-main\funkcije.c(110,5): error C4996: 'scanf': This function or variable may be unsafe. Consider using scanf_s instead. To disable deprecation, use _CRT_SECURE_NO_WARNINGS. See online help for details.
C:\Users\student\Desktop\Projekt-main\Projekt-main\funkcije.c(113,16): error C4996: 'fopen': This function or variable may be unsafe. Consider using fopen_s instead. To disable deprecation, use _CRT_SECURE_NO_WARNINGS. See online help for details.
C:\Users\student\Desktop\Projekt-main\Projekt-main\funkcije.c(123,12): error C4996: 'fscanf': This function or variable may be unsafe. Consider using fscanf_s instead. To disable deprecation, use _CRT_SECURE_NO_WARNINGS. See online help for details.
C:\Users\student\Desktop\Projekt-main\Projekt-main\funkcije.c(152,16): warning C4566: character represented by universal-character-name '\u010D' cannot be represented in the current code page (1252)
C:\Users\student\Desktop\Projekt-main\Projekt-main\funkcije.c(153,16): warning C4566: character represented by universal-character-name '\u010D' cannot be represented in the current code page (1252)
C:\Users\student\Desktop\Projekt-main\Projekt-main\funkcije.c(154,16): warning C4566: character represented by universal-character-name '\u010D' cannot be represented in the current code page (1252)
C:\Users\student\Desktop\Projekt-main\Projekt-main\funkcije.c(155,16): warning C4566: character represented by universal-character-name '\u010D' cannot be represented in the current code page (1252)
C:\Users\student\Desktop\Projekt-main\Projekt-main\funkcije.c(178,20): warning C4566: character represented by universal-character-name '\u0107' cannot be represented in the current code page (1252)
C:\Users\student\Desktop\Projekt-main\Projekt-main\funkcije.c(158,9): error C4996: 'scanf': This function or variable may be unsafe. Consider using scanf_s instead. To disable deprecation, use _CRT_SECURE_NO_WARNINGS. See online help for details.
  main.c
C:\Users\student\Desktop\Projekt-main\Projekt-main\main.c(9,12): error C4996: 'fopen': This function or variable may be unsafe. Consider using fopen_s instead. To disable deprecation, use _CRT_SECURE_NO_WARNINGS. See online help for details.
C:\Users\student\Desktop\Projekt-main\Projekt-main\main.c(11,16): error C4996: 'fopen': This function or variable may be unsafe. Consider using fopen_s instead. To disable deprecation, use _CRT_SECURE_NO_WARNINGS. See online help for details.
  Generating Code...
